<?xml version="1.0" encoding="UTF-8"?>
<testsuite xmlns:xsi="http://www.w3.org/2001/XMLSchema-instance" xsi:noNamespaceSchemaLocation="https://maven.apache.org/surefire/maven-surefire-plugin/xsd/surefire-test-report-3.0.xsd" version="3.0" name="org.apache.knox.mcp.McpServerConnectionTest" time="0.101" tests="5" errors="0" skipped="0" failures="0">
  <properties>
    <property name="gopherProxySet" value="false"/>
    <property name="awt.toolkit" value="sun.lwawt.macosx.LWCToolkit"/>
    <property name="file.encoding.pkg" value="sun.io"/>
    <property name="java.specification.version" value="1.8"/>
    <property name="sun.cpu.isalist" value=""/>
    <property name="sun.jnu.encoding" value="UTF-8"/>
    <property name="java.class.path" value="/Users/lmccay/Projects/mcpproxy/target/test-classes:/Users/lmccay/Projects/mcpproxy/target/classes:/Users/lmccay/.m2/repository/org/apache/knox/gateway-spi/1.6.1/gateway-spi-1.6.1.jar:/Users/lmccay/.m2/repository/org/apache/knox/gateway-i18n/1.6.1/gateway-i18n-1.6.1.jar:/Users/lmccay/.m2/repository/org/apache/knox/gateway-service-definitions/1.6.1/gateway-service-definitions-1.6.1.jar:/Users/lmccay/.m2/repository/com/sun/xml/bind/jaxb-core/2.3.0/jaxb-core-2.3.0.jar:/Users/lmccay/.m2/repository/com/sun/xml/bind/jaxb-impl/2.3.0/jaxb-impl-2.3.0.jar:/Users/lmccay/.m2/repository/org/eclipse/persistence/eclipselink/2.7.8/eclipselink-2.7.8.jar:/Users/lmccay/.m2/repository/org/eclipse/persistence/jakarta.persistence/2.2.3/jakarta.persistence-2.2.3.jar:/Users/lmccay/.m2/repository/org/eclipse/persistence/commonj.sdo/2.1.1/commonj.sdo-2.1.1.jar:/Users/lmccay/.m2/repository/javax/json/javax.json-api/1.1.3/javax.json-api-1.1.3.jar:/Users/lmccay/.m2/repository/org/glassfish/javax.json/1.1.3/javax.json-1.1.3.jar:/Users/lmccay/.m2/repository/org/apache/knox/gateway-util-configinjector/1.6.1/gateway-util-configinjector-1.6.1.jar:/Users/lmccay/.m2/repository/commons-beanutils/commons-beanutils/1.9.4/commons-beanutils-1.9.4.jar:/Users/lmccay/.m2/repository/org/apache/knox/gateway-provider-rewrite-common/1.6.1/gateway-provider-rewrite-common-1.6.1.jar:/Users/lmccay/.m2/repository/org/apache/commons/commons-digester3/3.2/commons-digester3-3.2.jar:/Users/lmccay/.m2/repository/org/apache/knox/gateway-util-urltemplate/1.6.1/gateway-util-urltemplate-1.6.1.jar:/Users/lmccay/.m2/repository/javax/servlet/javax.servlet-api/3.1.0/javax.servlet-api-3.1.0.jar:/Users/lmccay/.m2/repository/org/jboss/shrinkwrap/shrinkwrap-api/1.2.6/shrinkwrap-api-1.2.6.jar:/Users/lmccay/.m2/repository/org/jboss/shrinkwrap/shrinkwrap-impl-base/1.2.6/shrinkwrap-impl-base-1.2.6.jar:/Users/lmccay/.m2/repository/org/jboss/shrinkwrap/shrinkwrap-spi/1.2.6/shrinkwrap-spi-1.2.6.jar:/Users/lmccay/.m2/repository/org/jboss/shrinkwrap/descriptors/shrinkwrap-descriptors-api-javaee/2.0.0/shrinkwrap-descriptors-api-javaee-2.0.0.jar:/Users/lmccay/.m2/repository/org/jboss/shrinkwrap/descriptors/shrinkwrap-descriptors-impl-javaee/2.0.0/shrinkwrap-descriptors-impl-javaee-2.0.0.jar:/Users/lmccay/.m2/repository/org/jboss/shrinkwrap/descriptors/shrinkwrap-descriptors-impl-base/2.0.0/shrinkwrap-descriptors-impl-base-2.0.0.jar:/Users/lmccay/.m2/repository/org/jboss/shrinkwrap/descriptors/shrinkwrap-descriptors-spi/2.0.0/shrinkwrap-descriptors-spi-2.0.0.jar:/Users/lmccay/.m2/repository/com/nimbusds/nimbus-jose-jwt/8.14.1/nimbus-jose-jwt-8.14.1.jar:/Users/lmccay/.m2/repository/com/github/stephenc/jcip/jcip-annotations/1.0-1/jcip-annotations-1.0-1.jar:/Users/lmccay/.m2/repository/net/minidev/json-smart/2.3/json-smart-2.3.jar:/Users/lmccay/.m2/repository/net/minidev/accessors-smart/1.2/accessors-smart-1.2.jar:/Users/lmccay/.m2/repository/org/ow2/asm/asm/5.0.4/asm-5.0.4.jar:/Users/lmccay/.m2/repository/commons-net/commons-net/3.7.2/commons-net-3.7.2.jar:/Users/lmccay/.m2/repository/commons-codec/commons-codec/1.15/commons-codec-1.15.jar:/Users/lmccay/.m2/repository/commons-io/commons-io/2.8.0/commons-io-2.8.0.jar:/Users/lmccay/.m2/repository/org/apache/commons/commons-lang3/3.11/commons-lang3-3.11.jar:/Users/lmccay/.m2/repository/org/apache/httpcomponents/httpcore/4.4.14/httpcore-4.4.14.jar:/Users/lmccay/.m2/repository/com/fasterxml/jackson/core/jackson-annotations/2.11.4/jackson-annotations-2.11.4.jar:/Users/lmccay/.m2/repository/com/jayway/jsonpath/json-path/2.5.0/json-path-2.5.0.jar:/Users/lmccay/.m2/repository/commons-collections/commons-collections/3.2.2/commons-collections-3.2.2.jar:/Users/lmccay/.m2/repository/joda-time/joda-time/2.10.8/joda-time-2.10.8.jar:/Users/lmccay/.m2/repository/io/dropwizard/metrics/metrics-core/4.1.16/metrics-core-4.1.16.jar:/Users/lmccay/.m2/repository/io/dropwizard/metrics/metrics-httpclient/4.1.16/metrics-httpclient-4.1.16.jar:/Users/lmccay/.m2/repository/com/sun/activation/javax.activation/1.2.0/javax.activation-1.2.0.jar:/Users/lmccay/.m2/repository/javax/xml/bind/jaxb-api/2.3.0/jaxb-api-2.3.0.jar:/Users/lmccay/.m2/repository/org/eclipse/jetty/jetty-util/9.4.34.v20201102/jetty-util-9.4.34.v20201102.jar:/Users/lmccay/.m2/repository/de/thetaphi/forbiddenapis/3.1/forbiddenapis-3.1.jar:/Users/lmccay/.m2/repository/org/apache/knox/gateway-provider-security-shiro/1.6.1/gateway-provider-security-shiro-1.6.1.jar:/Users/lmccay/.m2/repository/org/apache/knox/gateway-server/1.6.1/gateway-server-1.6.1.jar:/Users/lmccay/.m2/repository/org/apache/knox/gateway-topology-hadoop-xml/1.6.1/gateway-topology-hadoop-xml-1.6.1.jar:/Users/lmccay/.m2/repository/org/apache/knox/gateway-service-hashicorp-vault/1.6.1/gateway-service-hashicorp-vault-1.6.1.jar:/Users/lmccay/.m2/repository/org/springframework/vault/spring-vault-core/2.3.0/spring-vault-core-2.3.0.jar:/Users/lmccay/.m2/repository/org/springframework/spring-core/5.3.2/spring-core-5.3.2.jar:/Users/lmccay/.m2/repository/org/springframework/spring-jcl/5.3.2/spring-jcl-5.3.2.jar:/Users/lmccay/.m2/repository/org/springframework/spring-context/5.3.2/spring-context-5.3.2.jar:/Users/lmccay/.m2/repository/org/springframework/spring-aop/5.3.2/spring-aop-5.3.2.jar:/Users/lmccay/.m2/repository/org/springframework/spring-expression/5.3.2/spring-expression-5.3.2.jar:/Users/lmccay/.m2/repository/org/springframework/spring-beans/5.3.2/spring-beans-5.3.2.jar:/Users/lmccay/.m2/repository/org/springframework/spring-web/5.3.2/spring-web-5.3.2.jar:/Users/lmccay/.m2/repository/org/apache/knox/gateway-i18n-logging-log4j/1.6.1/gateway-i18n-logging-log4j-1.6.1.jar:/Users/lmccay/.m2/repository/org/apache/knox/gateway-util-launcher/1.6.1/gateway-util-launcher-1.6.1.jar:/Users/lmccay/.m2/repository/org/apache/knox/gateway-topology-simple/1.6.1/gateway-topology-simple-1.6.1.jar:/Users/lmccay/.m2/repository/org/apache/hadoop/hadoop-common/3.2.1/hadoop-common-3.2.1.jar:/Users/lmccay/.m2/repository/com/google/guava/guava/27.0-jre/guava-27.0-jre.jar:/Users/lmccay/.m2/repository/com/google/guava/failureaccess/1.0/failureaccess-1.0.jar:/Users/lmccay/.m2/repository/com/google/guava/listenablefuture/9999.0-empty-to-avoid-conflict-with-guava/listenablefuture-9999.0-empty-to-avoid-conflict-with-guava.jar:/Users/lmccay/.m2/repository/org/checkerframework/checker-qual/2.5.2/checker-qual-2.5.2.jar:/Users/lmccay/.m2/repository/com/google/errorprone/error_prone_annotations/2.2.0/error_prone_annotations-2.2.0.jar:/Users/lmccay/.m2/repository/com/google/j2objc/j2objc-annotations/1.1/j2objc-annotations-1.1.jar:/Users/lmccay/.m2/repository/org/codehaus/mojo/animal-sniffer-annotations/1.17/animal-sniffer-annotations-1.17.jar:/Users/lmccay/.m2/repository/org/apache/commons/commons-math3/3.1.1/commons-math3-3.1.1.jar:/Users/lmccay/.m2/repository/org/apache/commons/commons-configuration2/2.1.1/commons-configuration2-2.1.1.jar:/Users/lmccay/.m2/repository/org/apache/commons/commons-text/1.4/commons-text-1.4.jar:/Users/lmccay/.m2/repository/com/google/re2j/re2j/1.1/re2j-1.1.jar:/Users/lmccay/.m2/repository/com/google/code/gson/gson/2.2.4/gson-2.2.4.jar:/Users/lmccay/.m2/repository/org/apache/curator/curator-recipes/2.13.0/curator-recipes-2.13.0.jar:/Users/lmccay/.m2/repository/org/apache/htrace/htrace-core4/4.1.0-incubating/htrace-core4-4.1.0-incubating.jar:/Users/lmccay/.m2/repository/org/apache/kerby/kerb-simplekdc/1.0.1/kerb-simplekdc-1.0.1.jar:/Users/lmccay/.m2/repository/org/apache/kerby/kerb-client/1.0.1/kerb-client-1.0.1.jar:/Users/lmccay/.m2/repository/org/apache/kerby/kerby-config/1.0.1/kerby-config-1.0.1.jar:/Users/lmccay/.m2/repository/org/apache/kerby/kerb-core/1.0.1/kerb-core-1.0.1.jar:/Users/lmccay/.m2/repository/org/apache/kerby/kerby-pkix/1.0.1/kerby-pkix-1.0.1.jar:/Users/lmccay/.m2/repository/org/apache/kerby/kerby-asn1/1.0.1/kerby-asn1-1.0.1.jar:/Users/lmccay/.m2/repository/org/apache/kerby/kerby-util/1.0.1/kerby-util-1.0.1.jar:/Users/lmccay/.m2/repository/org/apache/kerby/kerb-common/1.0.1/kerb-common-1.0.1.jar:/Users/lmccay/.m2/repository/org/apache/kerby/kerb-crypto/1.0.1/kerb-crypto-1.0.1.jar:/Users/lmccay/.m2/repository/org/apache/kerby/kerb-util/1.0.1/kerb-util-1.0.1.jar:/Users/lmccay/.m2/repository/org/apache/kerby/token-provider/1.0.1/token-provider-1.0.1.jar:/Users/lmccay/.m2/repository/org/apache/kerby/kerb-admin/1.0.1/kerb-admin-1.0.1.jar:/Users/lmccay/.m2/repository/org/apache/kerby/kerb-server/1.0.1/kerb-server-1.0.1.jar:/Users/lmccay/.m2/repository/org/apache/kerby/kerb-identity/1.0.1/kerb-identity-1.0.1.jar:/Users/lmccay/.m2/repository/org/apache/kerby/kerby-xdr/1.0.1/kerby-xdr-1.0.1.jar:/Users/lmccay/.m2/repository/org/codehaus/woodstox/stax2-api/3.1.4/stax2-api-3.1.4.jar:/Users/lmccay/.m2/repository/com/fasterxml/woodstox/woodstox-core/5.0.3/woodstox-core-5.0.3.jar:/Users/lmccay/.m2/repository/dnsjava/dnsjava/2.1.7/dnsjava-2.1.7.jar:/Users/lmccay/.m2/repository/org/apache/hadoop/hadoop-auth/3.2.1/hadoop-auth-3.2.1.jar:/Users/lmccay/.m2/repository/org/eclipse/jetty/jetty-http/9.4.34.v20201102/jetty-http-9.4.34.v20201102.jar:/Users/lmccay/.m2/repository/org/eclipse/jetty/jetty-io/9.4.34.v20201102/jetty-io-9.4.34.v20201102.jar:/Users/lmccay/.m2/repository/org/eclipse/jetty/jetty-server/9.4.34.v20201102/jetty-server-9.4.34.v20201102.jar:/Users/lmccay/.m2/repository/org/eclipse/jetty/jetty-servlet/9.4.34.v20201102/jetty-servlet-9.4.34.v20201102.jar:/Users/lmccay/.m2/repository/org/eclipse/jetty/jetty-security/9.4.34.v20201102/jetty-security-9.4.34.v20201102.jar:/Users/lmccay/.m2/repository/org/eclipse/jetty/jetty-webapp/9.4.34.v20201102/jetty-webapp-9.4.34.v20201102.jar:/Users/lmccay/.m2/repository/org/eclipse/jetty/jetty-xml/9.4.34.v20201102/jetty-xml-9.4.34.v20201102.jar:/Users/lmccay/.m2/repository/com/sun/xml/ws/jaxws-rt/2.3.3/jaxws-rt-2.3.3.jar:/Users/lmccay/.m2/repository/com/sun/xml/ws/policy/2.7.10/policy-2.7.10.jar:/Users/lmccay/.m2/repository/org/glassfish/ha/ha-api/3.1.12/ha-api-3.1.12.jar:/Users/lmccay/.m2/repository/org/glassfish/external/management-api/3.2.2/management-api-3.2.2.jar:/Users/lmccay/.m2/repository/org/glassfish/gmbal/gmbal/4.0.1/gmbal-4.0.1.jar:/Users/lmccay/.m2/repository/org/glassfish/pfl/pfl-tf/4.1.0/pfl-tf-4.1.0.jar:/Users/lmccay/.m2/repository/org/glassfish/pfl/pfl-basic/4.1.0/pfl-basic-4.1.0.jar:/Users/lmccay/.m2/repository/org/jvnet/staxex/stax-ex/1.8.3/stax-ex-1.8.3.jar:/Users/lmccay/.m2/repository/com/sun/xml/stream/buffer/streambuffer/1.5.9/streambuffer-1.5.9.jar:/Users/lmccay/.m2/repository/org/jvnet/mimepull/mimepull/1.9.13/mimepull-1.9.13.jar:/Users/lmccay/.m2/repository/com/sun/xml/fastinfoset/FastInfoset/1.2.18/FastInfoset-1.2.18.jar:/Users/lmccay/.m2/repository/com/sun/activation/jakarta.activation/1.2.2/jakarta.activation-1.2.2.jar:/Users/lmccay/.m2/repository/com/sun/xml/messaging/saaj/saaj-impl/1.5.2/saaj-impl-1.5.2.jar:/Users/lmccay/.m2/repository/com/sun/xml/ws/jaxws-tools/2.3.3/jaxws-tools-2.3.3.jar:/Users/lmccay/.m2/repository/com/sun/xml/bind/jaxb-xjc/2.3.3/jaxb-xjc-2.3.3.jar:/Users/lmccay/.m2/repository/com/sun/xml/bind/jaxb-jxc/2.3.3/jaxb-jxc-2.3.3.jar:/Users/lmccay/.m2/repository/com/sun/xml/ws/jaxws-eclipselink-plugin/2.3.3/jaxws-eclipselink-plugin-2.3.3.jar:/Users/lmccay/.m2/repository/jakarta/persistence/jakarta.persistence-api/2.2.3/jakarta.persistence-api-2.2.3.jar:/Users/lmccay/.m2/repository/org/eclipse/persistence/org.eclipse.persistence.moxy/2.7.6/org.eclipse.persistence.moxy-2.7.6.jar:/Users/lmccay/.m2/repository/org/eclipse/persistence/org.eclipse.persistence.core/2.7.6/org.eclipse.persistence.core-2.7.6.jar:/Users/lmccay/.m2/repository/org/eclipse/persistence/org.eclipse.persistence.asm/2.7.6/org.eclipse.persistence.asm-2.7.6.jar:/Users/lmccay/.m2/repository/com/sun/mail/jakarta.mail/1.6.5/jakarta.mail-1.6.5.jar:/Users/lmccay/.m2/repository/com/sun/xml/ws/sdo-eclipselink-plugin/2.3.3/sdo-eclipselink-plugin-2.3.3.jar:/Users/lmccay/.m2/repository/org/eclipse/persistence/org.eclipse.persistence.sdo/2.7.6/org.eclipse.persistence.sdo-2.7.6.jar:/Users/lmccay/.m2/repository/jakarta/xml/ws/jakarta.xml.ws-api/2.3.3/jakarta.xml.ws-api-2.3.3.jar:/Users/lmccay/.m2/repository/jakarta/xml/soap/jakarta.xml.soap-api/1.4.2/jakarta.xml.soap-api-1.4.2.jar:/Users/lmccay/.m2/repository/jakarta/jws/jakarta.jws-api/2.1.0/jakarta.jws-api-2.1.0.jar:/Users/lmccay/.m2/repository/jakarta/xml/bind/jakarta.xml.bind-api/2.3.2/jakarta.xml.bind-api-2.3.2.jar:/Users/lmccay/.m2/repository/commons-cli/commons-cli/1.4/commons-cli-1.4.jar:/Users/lmccay/.m2/repository/org/apache/knox/gateway-provider-rewrite/1.6.1/gateway-provider-rewrite-1.6.1.jar:/Users/lmccay/.m2/repository/org/apache/commons/commons-compress/1.20/commons-compress-1.20.jar:/Users/lmccay/.m2/repository/net/htmlparser/jericho/jericho-html/3.4/jericho-html-3.4.jar:/Users/lmccay/.m2/repository/org/apache/logging/log4j/log4j-api/2.16.0/log4j-api-2.16.0.jar:/Users/lmccay/.m2/repository/org/apache/knox/gateway-server-xforwarded-filter/1.6.1/gateway-server-xforwarded-filter-1.6.1.jar:/Users/lmccay/.m2/repository/org/apache/knox/gateway-service-remoteconfig/1.6.1/gateway-service-remoteconfig-1.6.1.jar:/Users/lmccay/.m2/repository/io/dropwizard/metrics/metrics-graphite/4.1.16/metrics-graphite-4.1.16.jar:/Users/lmccay/.m2/repository/com/rabbitmq/amqp-client/5.10.0/amqp-client-5.10.0.jar:/Users/lmccay/.m2/repository/io/dropwizard/metrics/metrics-jetty9/4.1.16/metrics-jetty9-4.1.16.jar:/Users/lmccay/.m2/repository/io/dropwizard/metrics/metrics-jmx/4.1.16/metrics-jmx-4.1.16.jar:/Users/lmccay/.m2/repository/io/dropwizard/metrics/metrics-jvm/4.1.16/metrics-jvm-4.1.16.jar:/Users/lmccay/.m2/repository/io/dropwizard/metrics/metrics-servlets/4.1.16/metrics-servlets-4.1.16.jar:/Users/lmccay/.m2/repository/io/dropwizard/metrics/metrics-healthchecks/4.1.16/metrics-healthchecks-4.1.16.jar:/Users/lmccay/.m2/repository/io/dropwizard/metrics/metrics-json/4.1.16/metrics-json-4.1.16.jar:/Users/lmccay/.m2/repository/com/helger/profiler/1.1.1/profiler-1.1.1.jar:/Users/lmccay/.m2/repository/org/eclipse/jetty/jetty-annotations/9.4.34.v20201102/jetty-annotations-9.4.34.v20201102.jar:/Users/lmccay/.m2/repository/org/eclipse/jetty/jetty-plus/9.4.34.v20201102/jetty-plus-9.4.34.v20201102.jar:/Users/lmccay/.m2/repository/org/eclipse/jetty/jetty-jndi/9.4.34.v20201102/jetty-jndi-9.4.34.v20201102.jar:/Users/lmccay/.m2/repository/javax/annotation/javax.annotation-api/1.3.2/javax.annotation-api-1.3.2.jar:/Users/lmccay/.m2/repository/org/ow2/asm/asm-commons/9.0/asm-commons-9.0.jar:/Users/lmccay/.m2/repository/org/ow2/asm/asm-tree/9.0/asm-tree-9.0.jar:/Users/lmccay/.m2/repository/org/ow2/asm/asm-analysis/9.0/asm-analysis-9.0.jar:/Users/lmccay/.m2/repository/org/eclipse/jetty/apache-jsp/9.4.34.v20201102/apache-jsp-9.4.34.v20201102.jar:/Users/lmccay/.m2/repository/org/eclipse/jetty/toolchain/jetty-schemas/3.1.2/jetty-schemas-3.1.2.jar:/Users/lmccay/.m2/repository/org/mortbay/jasper/apache-jsp/8.5.54/apache-jsp-8.5.54.jar:/Users/lmccay/.m2/repository/org/mortbay/jasper/apache-el/8.5.54/apache-el-8.5.54.jar:/Users/lmccay/.m2/repository/org/eclipse/jdt/ecj/3.19.0/ecj-3.19.0.jar:/Users/lmccay/.m2/repository/org/eclipse/jetty/apache-jstl/9.4.34.v20201102/apache-jstl-9.4.34.v20201102.jar:/Users/lmccay/.m2/repository/org/apache/taglibs/taglibs-standard-spec/1.2.5/taglibs-standard-spec-1.2.5.jar:/Users/lmccay/.m2/repository/org/apache/taglibs/taglibs-standard-impl/1.2.5/taglibs-standard-impl-1.2.5.jar:/Users/lmccay/.m2/repository/org/eclipse/jetty/websocket/websocket-api/9.4.34.v20201102/websocket-api-9.4.34.v20201102.jar:/Users/lmccay/.m2/repository/org/eclipse/jetty/websocket/websocket-server/9.4.34.v20201102/websocket-server-9.4.34.v20201102.jar:/Users/lmccay/.m2/repository/org/eclipse/jetty/websocket/websocket-common/9.4.34.v20201102/websocket-common-9.4.34.v20201102.jar:/Users/lmccay/.m2/repository/org/eclipse/jetty/websocket/websocket-servlet/9.4.34.v20201102/websocket-servlet-9.4.34.v20201102.jar:/Users/lmccay/.m2/repository/javax/websocket/javax.websocket-api/1.1/javax.websocket-api-1.1.jar:/Users/lmccay/.m2/repository/org/eclipse/jetty/websocket/javax-websocket-server-impl/9.4.34.v20201102/javax-websocket-server-impl-9.4.34.v20201102.jar:/Users/lmccay/.m2/repository/org/eclipse/jetty/websocket/javax-websocket-client-impl/9.4.34.v20201102/javax-websocket-client-impl-9.4.34.v20201102.jar:/Users/lmccay/.m2/repository/javax/websocket/javax.websocket-client-api/1.0/javax.websocket-client-api-1.0.jar:/Users/lmccay/.m2/repository/org/eclipse/jetty/jetty-client/9.4.34.v20201102/jetty-client-9.4.34.v20201102.jar:/Users/lmccay/.m2/repository/org/eclipse/jetty/websocket/websocket-client/9.4.34.v20201102/websocket-client-9.4.34.v20201102.jar:/Users/lmccay/.m2/repository/com/fasterxml/jackson/dataformat/jackson-dataformat-yaml/2.11.4/jackson-dataformat-yaml-2.11.4.jar:/Users/lmccay/.m2/repository/org/yaml/snakeyaml/1.26/snakeyaml-1.26.jar:/Users/lmccay/.m2/repository/org/apache/curator/curator-client/4.3.0/curator-client-4.3.0.jar:/Users/lmccay/.m2/repository/org/apache/curator/curator-framework/4.3.0/curator-framework-4.3.0.jar:/Users/lmccay/.m2/repository/org/apache/zookeeper/zookeeper/3.5.7/zookeeper-3.5.7.jar:/Users/lmccay/.m2/repository/org/apache/yetus/audience-annotations/0.5.0/audience-annotations-0.5.0.jar:/Users/lmccay/.m2/repository/io/netty/netty-handler/4.1.45.Final/netty-handler-4.1.45.Final.jar:/Users/lmccay/.m2/repository/io/netty/netty-common/4.1.45.Final/netty-common-4.1.45.Final.jar:/Users/lmccay/.m2/repository/io/netty/netty-buffer/4.1.45.Final/netty-buffer-4.1.45.Final.jar:/Users/lmccay/.m2/repository/io/netty/netty-transport/4.1.45.Final/netty-transport-4.1.45.Final.jar:/Users/lmccay/.m2/repository/io/netty/netty-resolver/4.1.45.Final/netty-resolver-4.1.45.Final.jar:/Users/lmccay/.m2/repository/io/netty/netty-codec/4.1.45.Final/netty-codec-4.1.45.Final.jar:/Users/lmccay/.m2/repository/io/netty/netty-transport-native-epoll/4.1.45.Final/netty-transport-native-epoll-4.1.45.Final.jar:/Users/lmccay/.m2/repository/io/netty/netty-transport-native-unix-common/4.1.45.Final/netty-transport-native-unix-common-4.1.45.Final.jar:/Users/lmccay/.m2/repository/org/apache/zookeeper/zookeeper-jute/3.5.7/zookeeper-jute-3.5.7.jar:/Users/lmccay/.m2/repository/com/github/ben-manes/caffeine/caffeine/2.8.8/caffeine-2.8.8.jar:/Users/lmccay/.m2/repository/org/postgresql/postgresql/42.2.19/postgresql-42.2.19.jar:/Users/lmccay/.m2/repository/org/apache/derby/derbyclient/10.14.2.0/derbyclient-10.14.2.0.jar:/Users/lmccay/.m2/repository/mysql/mysql-connector-java/8.0.25/mysql-connector-java-8.0.25.jar:/Users/lmccay/.m2/repository/com/google/protobuf/protobuf-java/3.11.4/protobuf-java-3.11.4.jar:/Users/lmccay/.m2/repository/org/jboss/shrinkwrap/descriptors/shrinkwrap-descriptors-api-base/2.0.0/shrinkwrap-descriptors-api-base-2.0.0.jar:/Users/lmccay/.m2/repository/org/apache/shiro/shiro-core/1.7.0/shiro-core-1.7.0.jar:/Users/lmccay/.m2/repository/org/apache/shiro/shiro-lang/1.7.0/shiro-lang-1.7.0.jar:/Users/lmccay/.m2/repository/org/apache/shiro/shiro-cache/1.7.0/shiro-cache-1.7.0.jar:/Users/lmccay/.m2/repository/org/apache/shiro/shiro-crypto-hash/1.7.0/shiro-crypto-hash-1.7.0.jar:/Users/lmccay/.m2/repository/org/apache/shiro/shiro-crypto-core/1.7.0/shiro-crypto-core-1.7.0.jar:/Users/lmccay/.m2/repository/org/apache/shiro/shiro-crypto-cipher/1.7.0/shiro-crypto-cipher-1.7.0.jar:/Users/lmccay/.m2/repository/org/apache/shiro/shiro-config-core/1.7.0/shiro-config-core-1.7.0.jar:/Users/lmccay/.m2/repository/org/apache/shiro/shiro-config-ogdl/1.7.0/shiro-config-ogdl-1.7.0.jar:/Users/lmccay/.m2/repository/org/apache/shiro/shiro-event/1.7.0/shiro-event-1.7.0.jar:/Users/lmccay/.m2/repository/org/apache/shiro/shiro-web/1.7.0/shiro-web-1.7.0.jar:/Users/lmccay/.m2/repository/org/owasp/encoder/encoder/1.2.2/encoder-1.2.2.jar:/Users/lmccay/.m2/repository/org/apache/shiro/shiro-ehcache/1.7.0/shiro-ehcache-1.7.0.jar:/Users/lmccay/.m2/repository/net/sf/ehcache/ehcache-core/2.6.11/ehcache-core-2.6.11.jar:/Users/lmccay/.m2/repository/org/kohsuke/libpam4j/1.11/libpam4j-1.11.jar:/Users/lmccay/.m2/repository/net/java/dev/jna/jna/4.5.2/jna-4.5.2.jar:/Users/lmccay/.m2/repository/org/apache/knox/gateway-util-common/1.6.1/gateway-util-common-1.6.1.jar:/Users/lmccay/.m2/repository/org/apache/directory/server/apacheds-jdbm/2.0.0-M5/apacheds-jdbm-2.0.0-M5.jar:/Users/lmccay/.m2/repository/org/apache/directory/server/apacheds-i18n/2.0.0-M5/apacheds-i18n-2.0.0-M5.jar:/Users/lmccay/.m2/repository/org/slf4j/slf4j-log4j12/1.7.30/slf4j-log4j12-1.7.30.jar:/Users/lmccay/.m2/repository/log4j/log4j/1.2.17/log4j-1.2.17.jar:/Users/lmccay/.m2/repository/org/glassfish/jersey/core/jersey-server/2.35/jersey-server-2.35.jar:/Users/lmccay/.m2/repository/org/glassfish/jersey/core/jersey-common/2.35/jersey-common-2.35.jar:/Users/lmccay/.m2/repository/org/glassfish/hk2/osgi-resource-locator/1.0.3/osgi-resource-locator-1.0.3.jar:/Users/lmccay/.m2/repository/org/glassfish/jersey/core/jersey-client/2.35/jersey-client-2.35.jar:/Users/lmccay/.m2/repository/jakarta/ws/rs/jakarta.ws.rs-api/2.1.6/jakarta.ws.rs-api-2.1.6.jar:/Users/lmccay/.m2/repository/jakarta/annotation/jakarta.annotation-api/1.3.5/jakarta.annotation-api-1.3.5.jar:/Users/lmccay/.m2/repository/org/glassfish/hk2/external/jakarta.inject/2.6.1/jakarta.inject-2.6.1.jar:/Users/lmccay/.m2/repository/jakarta/validation/jakarta.validation-api/2.0.2/jakarta.validation-api-2.0.2.jar:/Users/lmccay/.m2/repository/org/glassfish/jersey/containers/jersey-container-servlet/2.35/jersey-container-servlet-2.35.jar:/Users/lmccay/.m2/repository/org/glassfish/jersey/containers/jersey-container-servlet-core/2.35/jersey-container-servlet-core-2.35.jar:/Users/lmccay/.m2/repository/org/glassfish/jersey/media/jersey-media-json-jackson/2.35/jersey-media-json-jackson-2.35.jar:/Users/lmccay/.m2/repository/org/glassfish/jersey/ext/jersey-entity-filtering/2.35/jersey-entity-filtering-2.35.jar:/Users/lmccay/.m2/repository/com/fasterxml/jackson/module/jackson-module-jaxb-annotations/2.12.2/jackson-module-jaxb-annotations-2.12.2.jar:/Users/lmccay/.m2/repository/jakarta/activation/jakarta.activation-api/1.2.1/jakarta.activation-api-1.2.1.jar:/Users/lmccay/.m2/repository/org/glassfish/jersey/inject/jersey-hk2/2.35/jersey-hk2-2.35.jar:/Users/lmccay/.m2/repository/org/glassfish/hk2/hk2-locator/2.6.1/hk2-locator-2.6.1.jar:/Users/lmccay/.m2/repository/org/glassfish/hk2/external/aopalliance-repackaged/2.6.1/aopalliance-repackaged-2.6.1.jar:/Users/lmccay/.m2/repository/org/glassfish/hk2/hk2-api/2.6.1/hk2-api-2.6.1.jar:/Users/lmccay/.m2/repository/org/glassfish/hk2/hk2-utils/2.6.1/hk2-utils-2.6.1.jar:/Users/lmccay/.m2/repository/org/javassist/javassist/3.25.0-GA/javassist-3.25.0-GA.jar:/Users/lmccay/.m2/repository/com/fasterxml/jackson/core/jackson-databind/2.15.2/jackson-databind-2.15.2.jar:/Users/lmccay/.m2/repository/com/fasterxml/jackson/core/jackson-core/2.15.2/jackson-core-2.15.2.jar:/Users/lmccay/.m2/repository/org/slf4j/slf4j-api/2.0.7/slf4j-api-2.0.7.jar:/Users/lmccay/.m2/repository/org/apache/httpcomponents/httpclient/4.5.14/httpclient-4.5.14.jar:/Users/lmccay/.m2/repository/commons-logging/commons-logging/1.2/commons-logging-1.2.jar:/Users/lmccay/.m2/repository/org/junit/jupiter/junit-jupiter/5.10.0/junit-jupiter-5.10.0.jar:/Users/lmccay/.m2/repository/org/junit/jupiter/junit-jupiter-api/5.10.0/junit-jupiter-api-5.10.0.jar:/Users/lmccay/.m2/repository/org/opentest4j/opentest4j/1.3.0/opentest4j-1.3.0.jar:/Users/lmccay/.m2/repository/org/junit/platform/junit-platform-commons/1.10.0/junit-platform-commons-1.10.0.jar:/Users/lmccay/.m2/repository/org/apiguardian/apiguardian-api/1.1.2/apiguardian-api-1.1.2.jar:/Users/lmccay/.m2/repository/org/junit/jupiter/junit-jupiter-params/5.10.0/junit-jupiter-params-5.10.0.jar:/Users/lmccay/.m2/repository/org/junit/jupiter/junit-jupiter-engine/5.10.0/junit-jupiter-engine-5.10.0.jar:/Users/lmccay/.m2/repository/org/junit/platform/junit-platform-engine/1.10.0/junit-platform-engine-1.10.0.jar:/Users/lmccay/.m2/repository/org/mockito/mockito-core/3.12.4/mockito-core-3.12.4.jar:/Users/lmccay/.m2/repository/net/bytebuddy/byte-buddy/1.11.13/byte-buddy-1.11.13.jar:/Users/lmccay/.m2/repository/net/bytebuddy/byte-buddy-agent/1.11.13/byte-buddy-agent-1.11.13.jar:/Users/lmccay/.m2/repository/org/objenesis/objenesis/3.2/objenesis-3.2.jar:"/>
    <property name="java.vm.vendor" value="Amazon.com Inc."/>
    <property name="sun.arch.data.model" value="64"/>
    <property name="java.vendor.url" value="https://aws.amazon.com/corretto/"/>
    <property name="user.timezone" value="America/New_York"/>
    <property name="java.vm.specification.version" value="1.8"/>
    <property name="os.name" value="Mac OS X"/>
    <property name="user.country" value="US"/>
    <property name="sun.java.launcher" value="SUN_STANDARD"/>
    <property name="sun.boot.library.path" value="/Users/lmccay/.sdkman/candidates/java/8.0.392-amzn/jre/lib"/>
    <property name="sun.java.command" value="/Users/lmccay/Projects/mcpproxy/target/surefire/surefirebooter-20250706165417023_3.jar /Users/lmccay/Projects/mcpproxy/target/surefire 2025-07-06T16-54-11_993-jvmRun1 surefire-20250706165417023_1tmp surefire_0-20250706165417023_2tmp"/>
    <property name="http.nonProxyHosts" value="local|*.local|169.254/16|*.169.254/16"/>
    <property name="surefire.test.class.path" value="/Users/lmccay/Projects/mcpproxy/target/test-classes:/Users/lmccay/Projects/mcpproxy/target/classes:/Users/lmccay/.m2/repository/org/apache/knox/gateway-spi/1.6.1/gateway-spi-1.6.1.jar:/Users/lmccay/.m2/repository/org/apache/knox/gateway-i18n/1.6.1/gateway-i18n-1.6.1.jar:/Users/lmccay/.m2/repository/org/apache/knox/gateway-service-definitions/1.6.1/gateway-service-definitions-1.6.1.jar:/Users/lmccay/.m2/repository/com/sun/xml/bind/jaxb-core/2.3.0/jaxb-core-2.3.0.jar:/Users/lmccay/.m2/repository/com/sun/xml/bind/jaxb-impl/2.3.0/jaxb-impl-2.3.0.jar:/Users/lmccay/.m2/repository/org/eclipse/persistence/eclipselink/2.7.8/eclipselink-2.7.8.jar:/Users/lmccay/.m2/repository/org/eclipse/persistence/jakarta.persistence/2.2.3/jakarta.persistence-2.2.3.jar:/Users/lmccay/.m2/repository/org/eclipse/persistence/commonj.sdo/2.1.1/commonj.sdo-2.1.1.jar:/Users/lmccay/.m2/repository/javax/json/javax.json-api/1.1.3/javax.json-api-1.1.3.jar:/Users/lmccay/.m2/repository/org/glassfish/javax.json/1.1.3/javax.json-1.1.3.jar:/Users/lmccay/.m2/repository/org/apache/knox/gateway-util-configinjector/1.6.1/gateway-util-configinjector-1.6.1.jar:/Users/lmccay/.m2/repository/commons-beanutils/commons-beanutils/1.9.4/commons-beanutils-1.9.4.jar:/Users/lmccay/.m2/repository/org/apache/knox/gateway-provider-rewrite-common/1.6.1/gateway-provider-rewrite-common-1.6.1.jar:/Users/lmccay/.m2/repository/org/apache/commons/commons-digester3/3.2/commons-digester3-3.2.jar:/Users/lmccay/.m2/repository/org/apache/knox/gateway-util-urltemplate/1.6.1/gateway-util-urltemplate-1.6.1.jar:/Users/lmccay/.m2/repository/javax/servlet/javax.servlet-api/3.1.0/javax.servlet-api-3.1.0.jar:/Users/lmccay/.m2/repository/org/jboss/shrinkwrap/shrinkwrap-api/1.2.6/shrinkwrap-api-1.2.6.jar:/Users/lmccay/.m2/repository/org/jboss/shrinkwrap/shrinkwrap-impl-base/1.2.6/shrinkwrap-impl-base-1.2.6.jar:/Users/lmccay/.m2/repository/org/jboss/shrinkwrap/shrinkwrap-spi/1.2.6/shrinkwrap-spi-1.2.6.jar:/Users/lmccay/.m2/repository/org/jboss/shrinkwrap/descriptors/shrinkwrap-descriptors-api-javaee/2.0.0/shrinkwrap-descriptors-api-javaee-2.0.0.jar:/Users/lmccay/.m2/repository/org/jboss/shrinkwrap/descriptors/shrinkwrap-descriptors-impl-javaee/2.0.0/shrinkwrap-descriptors-impl-javaee-2.0.0.jar:/Users/lmccay/.m2/repository/org/jboss/shrinkwrap/descriptors/shrinkwrap-descriptors-impl-base/2.0.0/shrinkwrap-descriptors-impl-base-2.0.0.jar:/Users/lmccay/.m2/repository/org/jboss/shrinkwrap/descriptors/shrinkwrap-descriptors-spi/2.0.0/shrinkwrap-descriptors-spi-2.0.0.jar:/Users/lmccay/.m2/repository/com/nimbusds/nimbus-jose-jwt/8.14.1/nimbus-jose-jwt-8.14.1.jar:/Users/lmccay/.m2/repository/com/github/stephenc/jcip/jcip-annotations/1.0-1/jcip-annotations-1.0-1.jar:/Users/lmccay/.m2/repository/net/minidev/json-smart/2.3/json-smart-2.3.jar:/Users/lmccay/.m2/repository/net/minidev/accessors-smart/1.2/accessors-smart-1.2.jar:/Users/lmccay/.m2/repository/org/ow2/asm/asm/5.0.4/asm-5.0.4.jar:/Users/lmccay/.m2/repository/commons-net/commons-net/3.7.2/commons-net-3.7.2.jar:/Users/lmccay/.m2/repository/commons-codec/commons-codec/1.15/commons-codec-1.15.jar:/Users/lmccay/.m2/repository/commons-io/commons-io/2.8.0/commons-io-2.8.0.jar:/Users/lmccay/.m2/repository/org/apache/commons/commons-lang3/3.11/commons-lang3-3.11.jar:/Users/lmccay/.m2/repository/org/apache/httpcomponents/httpcore/4.4.14/httpcore-4.4.14.jar:/Users/lmccay/.m2/repository/com/fasterxml/jackson/core/jackson-annotations/2.11.4/jackson-annotations-2.11.4.jar:/Users/lmccay/.m2/repository/com/jayway/jsonpath/json-path/2.5.0/json-path-2.5.0.jar:/Users/lmccay/.m2/repository/commons-collections/commons-collections/3.2.2/commons-collections-3.2.2.jar:/Users/lmccay/.m2/repository/joda-time/joda-time/2.10.8/joda-time-2.10.8.jar:/Users/lmccay/.m2/repository/io/dropwizard/metrics/metrics-core/4.1.16/metrics-core-4.1.16.jar:/Users/lmccay/.m2/repository/io/dropwizard/metrics/metrics-httpclient/4.1.16/metrics-httpclient-4.1.16.jar:/Users/lmccay/.m2/repository/com/sun/activation/javax.activation/1.2.0/javax.activation-1.2.0.jar:/Users/lmccay/.m2/repository/javax/xml/bind/jaxb-api/2.3.0/jaxb-api-2.3.0.jar:/Users/lmccay/.m2/repository/org/eclipse/jetty/jetty-util/9.4.34.v20201102/jetty-util-9.4.34.v20201102.jar:/Users/lmccay/.m2/repository/de/thetaphi/forbiddenapis/3.1/forbiddenapis-3.1.jar:/Users/lmccay/.m2/repository/org/apache/knox/gateway-provider-security-shiro/1.6.1/gateway-provider-security-shiro-1.6.1.jar:/Users/lmccay/.m2/repository/org/apache/knox/gateway-server/1.6.1/gateway-server-1.6.1.jar:/Users/lmccay/.m2/repository/org/apache/knox/gateway-topology-hadoop-xml/1.6.1/gateway-topology-hadoop-xml-1.6.1.jar:/Users/lmccay/.m2/repository/org/apache/knox/gateway-service-hashicorp-vault/1.6.1/gateway-service-hashicorp-vault-1.6.1.jar:/Users/lmccay/.m2/repository/org/springframework/vault/spring-vault-core/2.3.0/spring-vault-core-2.3.0.jar:/Users/lmccay/.m2/repository/org/springframework/spring-core/5.3.2/spring-core-5.3.2.jar:/Users/lmccay/.m2/repository/org/springframework/spring-jcl/5.3.2/spring-jcl-5.3.2.jar:/Users/lmccay/.m2/repository/org/springframework/spring-context/5.3.2/spring-context-5.3.2.jar:/Users/lmccay/.m2/repository/org/springframework/spring-aop/5.3.2/spring-aop-5.3.2.jar:/Users/lmccay/.m2/repository/org/springframework/spring-expression/5.3.2/spring-expression-5.3.2.jar:/Users/lmccay/.m2/repository/org/springframework/spring-beans/5.3.2/spring-beans-5.3.2.jar:/Users/lmccay/.m2/repository/org/springframework/spring-web/5.3.2/spring-web-5.3.2.jar:/Users/lmccay/.m2/repository/org/apache/knox/gateway-i18n-logging-log4j/1.6.1/gateway-i18n-logging-log4j-1.6.1.jar:/Users/lmccay/.m2/repository/org/apache/knox/gateway-util-launcher/1.6.1/gateway-util-launcher-1.6.1.jar:/Users/lmccay/.m2/repository/org/apache/knox/gateway-topology-simple/1.6.1/gateway-topology-simple-1.6.1.jar:/Users/lmccay/.m2/repository/org/apache/hadoop/hadoop-common/3.2.1/hadoop-common-3.2.1.jar:/Users/lmccay/.m2/repository/com/google/guava/guava/27.0-jre/guava-27.0-jre.jar:/Users/lmccay/.m2/repository/com/google/guava/failureaccess/1.0/failureaccess-1.0.jar:/Users/lmccay/.m2/repository/com/google/guava/listenablefuture/9999.0-empty-to-avoid-conflict-with-guava/listenablefuture-9999.0-empty-to-avoid-conflict-with-guava.jar:/Users/lmccay/.m2/repository/org/checkerframework/checker-qual/2.5.2/checker-qual-2.5.2.jar:/Users/lmccay/.m2/repository/com/google/errorprone/error_prone_annotations/2.2.0/error_prone_annotations-2.2.0.jar:/Users/lmccay/.m2/repository/com/google/j2objc/j2objc-annotations/1.1/j2objc-annotations-1.1.jar:/Users/lmccay/.m2/repository/org/codehaus/mojo/animal-sniffer-annotations/1.17/animal-sniffer-annotations-1.17.jar:/Users/lmccay/.m2/repository/org/apache/commons/commons-math3/3.1.1/commons-math3-3.1.1.jar:/Users/lmccay/.m2/repository/org/apache/commons/commons-configuration2/2.1.1/commons-configuration2-2.1.1.jar:/Users/lmccay/.m2/repository/org/apache/commons/commons-text/1.4/commons-text-1.4.jar:/Users/lmccay/.m2/repository/com/google/re2j/re2j/1.1/re2j-1.1.jar:/Users/lmccay/.m2/repository/com/google/code/gson/gson/2.2.4/gson-2.2.4.jar:/Users/lmccay/.m2/repository/org/apache/curator/curator-recipes/2.13.0/curator-recipes-2.13.0.jar:/Users/lmccay/.m2/repository/org/apache/htrace/htrace-core4/4.1.0-incubating/htrace-core4-4.1.0-incubating.jar:/Users/lmccay/.m2/repository/org/apache/kerby/kerb-simplekdc/1.0.1/kerb-simplekdc-1.0.1.jar:/Users/lmccay/.m2/repository/org/apache/kerby/kerb-client/1.0.1/kerb-client-1.0.1.jar:/Users/lmccay/.m2/repository/org/apache/kerby/kerby-config/1.0.1/kerby-config-1.0.1.jar:/Users/lmccay/.m2/repository/org/apache/kerby/kerb-core/1.0.1/kerb-core-1.0.1.jar:/Users/lmccay/.m2/repository/org/apache/kerby/kerby-pkix/1.0.1/kerby-pkix-1.0.1.jar:/Users/lmccay/.m2/repository/org/apache/kerby/kerby-asn1/1.0.1/kerby-asn1-1.0.1.jar:/Users/lmccay/.m2/repository/org/apache/kerby/kerby-util/1.0.1/kerby-util-1.0.1.jar:/Users/lmccay/.m2/repository/org/apache/kerby/kerb-common/1.0.1/kerb-common-1.0.1.jar:/Users/lmccay/.m2/repository/org/apache/kerby/kerb-crypto/1.0.1/kerb-crypto-1.0.1.jar:/Users/lmccay/.m2/repository/org/apache/kerby/kerb-util/1.0.1/kerb-util-1.0.1.jar:/Users/lmccay/.m2/repository/org/apache/kerby/token-provider/1.0.1/token-provider-1.0.1.jar:/Users/lmccay/.m2/repository/org/apache/kerby/kerb-admin/1.0.1/kerb-admin-1.0.1.jar:/Users/lmccay/.m2/repository/org/apache/kerby/kerb-server/1.0.1/kerb-server-1.0.1.jar:/Users/lmccay/.m2/repository/org/apache/kerby/kerb-identity/1.0.1/kerb-identity-1.0.1.jar:/Users/lmccay/.m2/repository/org/apache/kerby/kerby-xdr/1.0.1/kerby-xdr-1.0.1.jar:/Users/lmccay/.m2/repository/org/codehaus/woodstox/stax2-api/3.1.4/stax2-api-3.1.4.jar:/Users/lmccay/.m2/repository/com/fasterxml/woodstox/woodstox-core/5.0.3/woodstox-core-5.0.3.jar:/Users/lmccay/.m2/repository/dnsjava/dnsjava/2.1.7/dnsjava-2.1.7.jar:/Users/lmccay/.m2/repository/org/apache/hadoop/hadoop-auth/3.2.1/hadoop-auth-3.2.1.jar:/Users/lmccay/.m2/repository/org/eclipse/jetty/jetty-http/9.4.34.v20201102/jetty-http-9.4.34.v20201102.jar:/Users/lmccay/.m2/repository/org/eclipse/jetty/jetty-io/9.4.34.v20201102/jetty-io-9.4.34.v20201102.jar:/Users/lmccay/.m2/repository/org/eclipse/jetty/jetty-server/9.4.34.v20201102/jetty-server-9.4.34.v20201102.jar:/Users/lmccay/.m2/repository/org/eclipse/jetty/jetty-servlet/9.4.34.v20201102/jetty-servlet-9.4.34.v20201102.jar:/Users/lmccay/.m2/repository/org/eclipse/jetty/jetty-security/9.4.34.v20201102/jetty-security-9.4.34.v20201102.jar:/Users/lmccay/.m2/repository/org/eclipse/jetty/jetty-webapp/9.4.34.v20201102/jetty-webapp-9.4.34.v20201102.jar:/Users/lmccay/.m2/repository/org/eclipse/jetty/jetty-xml/9.4.34.v20201102/jetty-xml-9.4.34.v20201102.jar:/Users/lmccay/.m2/repository/com/sun/xml/ws/jaxws-rt/2.3.3/jaxws-rt-2.3.3.jar:/Users/lmccay/.m2/repository/com/sun/xml/ws/policy/2.7.10/policy-2.7.10.jar:/Users/lmccay/.m2/repository/org/glassfish/ha/ha-api/3.1.12/ha-api-3.1.12.jar:/Users/lmccay/.m2/repository/org/glassfish/external/management-api/3.2.2/management-api-3.2.2.jar:/Users/lmccay/.m2/repository/org/glassfish/gmbal/gmbal/4.0.1/gmbal-4.0.1.jar:/Users/lmccay/.m2/repository/org/glassfish/pfl/pfl-tf/4.1.0/pfl-tf-4.1.0.jar:/Users/lmccay/.m2/repository/org/glassfish/pfl/pfl-basic/4.1.0/pfl-basic-4.1.0.jar:/Users/lmccay/.m2/repository/org/jvnet/staxex/stax-ex/1.8.3/stax-ex-1.8.3.jar:/Users/lmccay/.m2/repository/com/sun/xml/stream/buffer/streambuffer/1.5.9/streambuffer-1.5.9.jar:/Users/lmccay/.m2/repository/org/jvnet/mimepull/mimepull/1.9.13/mimepull-1.9.13.jar:/Users/lmccay/.m2/repository/com/sun/xml/fastinfoset/FastInfoset/1.2.18/FastInfoset-1.2.18.jar:/Users/lmccay/.m2/repository/com/sun/activation/jakarta.activation/1.2.2/jakarta.activation-1.2.2.jar:/Users/lmccay/.m2/repository/com/sun/xml/messaging/saaj/saaj-impl/1.5.2/saaj-impl-1.5.2.jar:/Users/lmccay/.m2/repository/com/sun/xml/ws/jaxws-tools/2.3.3/jaxws-tools-2.3.3.jar:/Users/lmccay/.m2/repository/com/sun/xml/bind/jaxb-xjc/2.3.3/jaxb-xjc-2.3.3.jar:/Users/lmccay/.m2/repository/com/sun/xml/bind/jaxb-jxc/2.3.3/jaxb-jxc-2.3.3.jar:/Users/lmccay/.m2/repository/com/sun/xml/ws/jaxws-eclipselink-plugin/2.3.3/jaxws-eclipselink-plugin-2.3.3.jar:/Users/lmccay/.m2/repository/jakarta/persistence/jakarta.persistence-api/2.2.3/jakarta.persistence-api-2.2.3.jar:/Users/lmccay/.m2/repository/org/eclipse/persistence/org.eclipse.persistence.moxy/2.7.6/org.eclipse.persistence.moxy-2.7.6.jar:/Users/lmccay/.m2/repository/org/eclipse/persistence/org.eclipse.persistence.core/2.7.6/org.eclipse.persistence.core-2.7.6.jar:/Users/lmccay/.m2/repository/org/eclipse/persistence/org.eclipse.persistence.asm/2.7.6/org.eclipse.persistence.asm-2.7.6.jar:/Users/lmccay/.m2/repository/com/sun/mail/jakarta.mail/1.6.5/jakarta.mail-1.6.5.jar:/Users/lmccay/.m2/repository/com/sun/xml/ws/sdo-eclipselink-plugin/2.3.3/sdo-eclipselink-plugin-2.3.3.jar:/Users/lmccay/.m2/repository/org/eclipse/persistence/org.eclipse.persistence.sdo/2.7.6/org.eclipse.persistence.sdo-2.7.6.jar:/Users/lmccay/.m2/repository/jakarta/xml/ws/jakarta.xml.ws-api/2.3.3/jakarta.xml.ws-api-2.3.3.jar:/Users/lmccay/.m2/repository/jakarta/xml/soap/jakarta.xml.soap-api/1.4.2/jakarta.xml.soap-api-1.4.2.jar:/Users/lmccay/.m2/repository/jakarta/jws/jakarta.jws-api/2.1.0/jakarta.jws-api-2.1.0.jar:/Users/lmccay/.m2/repository/jakarta/xml/bind/jakarta.xml.bind-api/2.3.2/jakarta.xml.bind-api-2.3.2.jar:/Users/lmccay/.m2/repository/commons-cli/commons-cli/1.4/commons-cli-1.4.jar:/Users/lmccay/.m2/repository/org/apache/knox/gateway-provider-rewrite/1.6.1/gateway-provider-rewrite-1.6.1.jar:/Users/lmccay/.m2/repository/org/apache/commons/commons-compress/1.20/commons-compress-1.20.jar:/Users/lmccay/.m2/repository/net/htmlparser/jericho/jericho-html/3.4/jericho-html-3.4.jar:/Users/lmccay/.m2/repository/org/apache/logging/log4j/log4j-api/2.16.0/log4j-api-2.16.0.jar:/Users/lmccay/.m2/repository/org/apache/knox/gateway-server-xforwarded-filter/1.6.1/gateway-server-xforwarded-filter-1.6.1.jar:/Users/lmccay/.m2/repository/org/apache/knox/gateway-service-remoteconfig/1.6.1/gateway-service-remoteconfig-1.6.1.jar:/Users/lmccay/.m2/repository/io/dropwizard/metrics/metrics-graphite/4.1.16/metrics-graphite-4.1.16.jar:/Users/lmccay/.m2/repository/com/rabbitmq/amqp-client/5.10.0/amqp-client-5.10.0.jar:/Users/lmccay/.m2/repository/io/dropwizard/metrics/metrics-jetty9/4.1.16/metrics-jetty9-4.1.16.jar:/Users/lmccay/.m2/repository/io/dropwizard/metrics/metrics-jmx/4.1.16/metrics-jmx-4.1.16.jar:/Users/lmccay/.m2/repository/io/dropwizard/metrics/metrics-jvm/4.1.16/metrics-jvm-4.1.16.jar:/Users/lmccay/.m2/repository/io/dropwizard/metrics/metrics-servlets/4.1.16/metrics-servlets-4.1.16.jar:/Users/lmccay/.m2/repository/io/dropwizard/metrics/metrics-healthchecks/4.1.16/metrics-healthchecks-4.1.16.jar:/Users/lmccay/.m2/repository/io/dropwizard/metrics/metrics-json/4.1.16/metrics-json-4.1.16.jar:/Users/lmccay/.m2/repository/com/helger/profiler/1.1.1/profiler-1.1.1.jar:/Users/lmccay/.m2/repository/org/eclipse/jetty/jetty-annotations/9.4.34.v20201102/jetty-annotations-9.4.34.v20201102.jar:/Users/lmccay/.m2/repository/org/eclipse/jetty/jetty-plus/9.4.34.v20201102/jetty-plus-9.4.34.v20201102.jar:/Users/lmccay/.m2/repository/org/eclipse/jetty/jetty-jndi/9.4.34.v20201102/jetty-jndi-9.4.34.v20201102.jar:/Users/lmccay/.m2/repository/javax/annotation/javax.annotation-api/1.3.2/javax.annotation-api-1.3.2.jar:/Users/lmccay/.m2/repository/org/ow2/asm/asm-commons/9.0/asm-commons-9.0.jar:/Users/lmccay/.m2/repository/org/ow2/asm/asm-tree/9.0/asm-tree-9.0.jar:/Users/lmccay/.m2/repository/org/ow2/asm/asm-analysis/9.0/asm-analysis-9.0.jar:/Users/lmccay/.m2/repository/org/eclipse/jetty/apache-jsp/9.4.34.v20201102/apache-jsp-9.4.34.v20201102.jar:/Users/lmccay/.m2/repository/org/eclipse/jetty/toolchain/jetty-schemas/3.1.2/jetty-schemas-3.1.2.jar:/Users/lmccay/.m2/repository/org/mortbay/jasper/apache-jsp/8.5.54/apache-jsp-8.5.54.jar:/Users/lmccay/.m2/repository/org/mortbay/jasper/apache-el/8.5.54/apache-el-8.5.54.jar:/Users/lmccay/.m2/repository/org/eclipse/jdt/ecj/3.19.0/ecj-3.19.0.jar:/Users/lmccay/.m2/repository/org/eclipse/jetty/apache-jstl/9.4.34.v20201102/apache-jstl-9.4.34.v20201102.jar:/Users/lmccay/.m2/repository/org/apache/taglibs/taglibs-standard-spec/1.2.5/taglibs-standard-spec-1.2.5.jar:/Users/lmccay/.m2/repository/org/apache/taglibs/taglibs-standard-impl/1.2.5/taglibs-standard-impl-1.2.5.jar:/Users/lmccay/.m2/repository/org/eclipse/jetty/websocket/websocket-api/9.4.34.v20201102/websocket-api-9.4.34.v20201102.jar:/Users/lmccay/.m2/repository/org/eclipse/jetty/websocket/websocket-server/9.4.34.v20201102/websocket-server-9.4.34.v20201102.jar:/Users/lmccay/.m2/repository/org/eclipse/jetty/websocket/websocket-common/9.4.34.v20201102/websocket-common-9.4.34.v20201102.jar:/Users/lmccay/.m2/repository/org/eclipse/jetty/websocket/websocket-servlet/9.4.34.v20201102/websocket-servlet-9.4.34.v20201102.jar:/Users/lmccay/.m2/repository/javax/websocket/javax.websocket-api/1.1/javax.websocket-api-1.1.jar:/Users/lmccay/.m2/repository/org/eclipse/jetty/websocket/javax-websocket-server-impl/9.4.34.v20201102/javax-websocket-server-impl-9.4.34.v20201102.jar:/Users/lmccay/.m2/repository/org/eclipse/jetty/websocket/javax-websocket-client-impl/9.4.34.v20201102/javax-websocket-client-impl-9.4.34.v20201102.jar:/Users/lmccay/.m2/repository/javax/websocket/javax.websocket-client-api/1.0/javax.websocket-client-api-1.0.jar:/Users/lmccay/.m2/repository/org/eclipse/jetty/jetty-client/9.4.34.v20201102/jetty-client-9.4.34.v20201102.jar:/Users/lmccay/.m2/repository/org/eclipse/jetty/websocket/websocket-client/9.4.34.v20201102/websocket-client-9.4.34.v20201102.jar:/Users/lmccay/.m2/repository/com/fasterxml/jackson/dataformat/jackson-dataformat-yaml/2.11.4/jackson-dataformat-yaml-2.11.4.jar:/Users/lmccay/.m2/repository/org/yaml/snakeyaml/1.26/snakeyaml-1.26.jar:/Users/lmccay/.m2/repository/org/apache/curator/curator-client/4.3.0/curator-client-4.3.0.jar:/Users/lmccay/.m2/repository/org/apache/curator/curator-framework/4.3.0/curator-framework-4.3.0.jar:/Users/lmccay/.m2/repository/org/apache/zookeeper/zookeeper/3.5.7/zookeeper-3.5.7.jar:/Users/lmccay/.m2/repository/org/apache/yetus/audience-annotations/0.5.0/audience-annotations-0.5.0.jar:/Users/lmccay/.m2/repository/io/netty/netty-handler/4.1.45.Final/netty-handler-4.1.45.Final.jar:/Users/lmccay/.m2/repository/io/netty/netty-common/4.1.45.Final/netty-common-4.1.45.Final.jar:/Users/lmccay/.m2/repository/io/netty/netty-buffer/4.1.45.Final/netty-buffer-4.1.45.Final.jar:/Users/lmccay/.m2/repository/io/netty/netty-transport/4.1.45.Final/netty-transport-4.1.45.Final.jar:/Users/lmccay/.m2/repository/io/netty/netty-resolver/4.1.45.Final/netty-resolver-4.1.45.Final.jar:/Users/lmccay/.m2/repository/io/netty/netty-codec/4.1.45.Final/netty-codec-4.1.45.Final.jar:/Users/lmccay/.m2/repository/io/netty/netty-transport-native-epoll/4.1.45.Final/netty-transport-native-epoll-4.1.45.Final.jar:/Users/lmccay/.m2/repository/io/netty/netty-transport-native-unix-common/4.1.45.Final/netty-transport-native-unix-common-4.1.45.Final.jar:/Users/lmccay/.m2/repository/org/apache/zookeeper/zookeeper-jute/3.5.7/zookeeper-jute-3.5.7.jar:/Users/lmccay/.m2/repository/com/github/ben-manes/caffeine/caffeine/2.8.8/caffeine-2.8.8.jar:/Users/lmccay/.m2/repository/org/postgresql/postgresql/42.2.19/postgresql-42.2.19.jar:/Users/lmccay/.m2/repository/org/apache/derby/derbyclient/10.14.2.0/derbyclient-10.14.2.0.jar:/Users/lmccay/.m2/repository/mysql/mysql-connector-java/8.0.25/mysql-connector-java-8.0.25.jar:/Users/lmccay/.m2/repository/com/google/protobuf/protobuf-java/3.11.4/protobuf-java-3.11.4.jar:/Users/lmccay/.m2/repository/org/jboss/shrinkwrap/descriptors/shrinkwrap-descriptors-api-base/2.0.0/shrinkwrap-descriptors-api-base-2.0.0.jar:/Users/lmccay/.m2/repository/org/apache/shiro/shiro-core/1.7.0/shiro-core-1.7.0.jar:/Users/lmccay/.m2/repository/org/apache/shiro/shiro-lang/1.7.0/shiro-lang-1.7.0.jar:/Users/lmccay/.m2/repository/org/apache/shiro/shiro-cache/1.7.0/shiro-cache-1.7.0.jar:/Users/lmccay/.m2/repository/org/apache/shiro/shiro-crypto-hash/1.7.0/shiro-crypto-hash-1.7.0.jar:/Users/lmccay/.m2/repository/org/apache/shiro/shiro-crypto-core/1.7.0/shiro-crypto-core-1.7.0.jar:/Users/lmccay/.m2/repository/org/apache/shiro/shiro-crypto-cipher/1.7.0/shiro-crypto-cipher-1.7.0.jar:/Users/lmccay/.m2/repository/org/apache/shiro/shiro-config-core/1.7.0/shiro-config-core-1.7.0.jar:/Users/lmccay/.m2/repository/org/apache/shiro/shiro-config-ogdl/1.7.0/shiro-config-ogdl-1.7.0.jar:/Users/lmccay/.m2/repository/org/apache/shiro/shiro-event/1.7.0/shiro-event-1.7.0.jar:/Users/lmccay/.m2/repository/org/apache/shiro/shiro-web/1.7.0/shiro-web-1.7.0.jar:/Users/lmccay/.m2/repository/org/owasp/encoder/encoder/1.2.2/encoder-1.2.2.jar:/Users/lmccay/.m2/repository/org/apache/shiro/shiro-ehcache/1.7.0/shiro-ehcache-1.7.0.jar:/Users/lmccay/.m2/repository/net/sf/ehcache/ehcache-core/2.6.11/ehcache-core-2.6.11.jar:/Users/lmccay/.m2/repository/org/kohsuke/libpam4j/1.11/libpam4j-1.11.jar:/Users/lmccay/.m2/repository/net/java/dev/jna/jna/4.5.2/jna-4.5.2.jar:/Users/lmccay/.m2/repository/org/apache/knox/gateway-util-common/1.6.1/gateway-util-common-1.6.1.jar:/Users/lmccay/.m2/repository/org/apache/directory/server/apacheds-jdbm/2.0.0-M5/apacheds-jdbm-2.0.0-M5.jar:/Users/lmccay/.m2/repository/org/apache/directory/server/apacheds-i18n/2.0.0-M5/apacheds-i18n-2.0.0-M5.jar:/Users/lmccay/.m2/repository/org/slf4j/slf4j-log4j12/1.7.30/slf4j-log4j12-1.7.30.jar:/Users/lmccay/.m2/repository/log4j/log4j/1.2.17/log4j-1.2.17.jar:/Users/lmccay/.m2/repository/org/glassfish/jersey/core/jersey-server/2.35/jersey-server-2.35.jar:/Users/lmccay/.m2/repository/org/glassfish/jersey/core/jersey-common/2.35/jersey-common-2.35.jar:/Users/lmccay/.m2/repository/org/glassfish/hk2/osgi-resource-locator/1.0.3/osgi-resource-locator-1.0.3.jar:/Users/lmccay/.m2/repository/org/glassfish/jersey/core/jersey-client/2.35/jersey-client-2.35.jar:/Users/lmccay/.m2/repository/jakarta/ws/rs/jakarta.ws.rs-api/2.1.6/jakarta.ws.rs-api-2.1.6.jar:/Users/lmccay/.m2/repository/jakarta/annotation/jakarta.annotation-api/1.3.5/jakarta.annotation-api-1.3.5.jar:/Users/lmccay/.m2/repository/org/glassfish/hk2/external/jakarta.inject/2.6.1/jakarta.inject-2.6.1.jar:/Users/lmccay/.m2/repository/jakarta/validation/jakarta.validation-api/2.0.2/jakarta.validation-api-2.0.2.jar:/Users/lmccay/.m2/repository/org/glassfish/jersey/containers/jersey-container-servlet/2.35/jersey-container-servlet-2.35.jar:/Users/lmccay/.m2/repository/org/glassfish/jersey/containers/jersey-container-servlet-core/2.35/jersey-container-servlet-core-2.35.jar:/Users/lmccay/.m2/repository/org/glassfish/jersey/media/jersey-media-json-jackson/2.35/jersey-media-json-jackson-2.35.jar:/Users/lmccay/.m2/repository/org/glassfish/jersey/ext/jersey-entity-filtering/2.35/jersey-entity-filtering-2.35.jar:/Users/lmccay/.m2/repository/com/fasterxml/jackson/module/jackson-module-jaxb-annotations/2.12.2/jackson-module-jaxb-annotations-2.12.2.jar:/Users/lmccay/.m2/repository/jakarta/activation/jakarta.activation-api/1.2.1/jakarta.activation-api-1.2.1.jar:/Users/lmccay/.m2/repository/org/glassfish/jersey/inject/jersey-hk2/2.35/jersey-hk2-2.35.jar:/Users/lmccay/.m2/repository/org/glassfish/hk2/hk2-locator/2.6.1/hk2-locator-2.6.1.jar:/Users/lmccay/.m2/repository/org/glassfish/hk2/external/aopalliance-repackaged/2.6.1/aopalliance-repackaged-2.6.1.jar:/Users/lmccay/.m2/repository/org/glassfish/hk2/hk2-api/2.6.1/hk2-api-2.6.1.jar:/Users/lmccay/.m2/repository/org/glassfish/hk2/hk2-utils/2.6.1/hk2-utils-2.6.1.jar:/Users/lmccay/.m2/repository/org/javassist/javassist/3.25.0-GA/javassist-3.25.0-GA.jar:/Users/lmccay/.m2/repository/com/fasterxml/jackson/core/jackson-databind/2.15.2/jackson-databind-2.15.2.jar:/Users/lmccay/.m2/repository/com/fasterxml/jackson/core/jackson-core/2.15.2/jackson-core-2.15.2.jar:/Users/lmccay/.m2/repository/org/slf4j/slf4j-api/2.0.7/slf4j-api-2.0.7.jar:/Users/lmccay/.m2/repository/org/apache/httpcomponents/httpclient/4.5.14/httpclient-4.5.14.jar:/Users/lmccay/.m2/repository/commons-logging/commons-logging/1.2/commons-logging-1.2.jar:/Users/lmccay/.m2/repository/org/junit/jupiter/junit-jupiter/5.10.0/junit-jupiter-5.10.0.jar:/Users/lmccay/.m2/repository/org/junit/jupiter/junit-jupiter-api/5.10.0/junit-jupiter-api-5.10.0.jar:/Users/lmccay/.m2/repository/org/opentest4j/opentest4j/1.3.0/opentest4j-1.3.0.jar:/Users/lmccay/.m2/repository/org/junit/platform/junit-platform-commons/1.10.0/junit-platform-commons-1.10.0.jar:/Users/lmccay/.m2/repository/org/apiguardian/apiguardian-api/1.1.2/apiguardian-api-1.1.2.jar:/Users/lmccay/.m2/repository/org/junit/jupiter/junit-jupiter-params/5.10.0/junit-jupiter-params-5.10.0.jar:/Users/lmccay/.m2/repository/org/junit/jupiter/junit-jupiter-engine/5.10.0/junit-jupiter-engine-5.10.0.jar:/Users/lmccay/.m2/repository/org/junit/platform/junit-platform-engine/1.10.0/junit-platform-engine-1.10.0.jar:/Users/lmccay/.m2/repository/org/mockito/mockito-core/3.12.4/mockito-core-3.12.4.jar:/Users/lmccay/.m2/repository/net/bytebuddy/byte-buddy/1.11.13/byte-buddy-1.11.13.jar:/Users/lmccay/.m2/repository/net/bytebuddy/byte-buddy-agent/1.11.13/byte-buddy-agent-1.11.13.jar:/Users/lmccay/.m2/repository/org/objenesis/objenesis/3.2/objenesis-3.2.jar:"/>
    <property name="sun.cpu.endian" value="little"/>
    <property name="user.home" value="/Users/lmccay"/>
    <property name="user.language" value="en"/>
    <property name="java.specification.vendor" value="Oracle Corporation"/>
    <property name="java.home" value="/Users/lmccay/.sdkman/candidates/java/8.0.392-amzn/jre"/>
    <property name="basedir" value="/Users/lmccay/Projects/mcpproxy"/>
    <property name="file.separator" value="/"/>
    <property name="line.separator" value="&#10;"/>
    <property name="java.vm.specification.vendor" value="Oracle Corporation"/>
    <property name="java.specification.name" value="Java Platform API Specification"/>
    <property name="java.awt.graphicsenv" value="sun.awt.CGraphicsEnvironment"/>
    <property name="surefire.real.class.path" value="/Users/lmccay/Projects/mcpproxy/target/surefire/surefirebooter-20250706165417023_3.jar"/>
    <property name="sun.boot.class.path" value="/Users/lmccay/.sdkman/candidates/java/8.0.392-amzn/jre/lib/resources.jar:/Users/lmccay/.sdkman/candidates/java/8.0.392-amzn/jre/lib/rt.jar:/Users/lmccay/.sdkman/candidates/java/8.0.392-amzn/jre/lib/sunrsasign.jar:/Users/lmccay/.sdkman/candidates/java/8.0.392-amzn/jre/lib/jsse.jar:/Users/lmccay/.sdkman/candidates/java/8.0.392-amzn/jre/lib/jce.jar:/Users/lmccay/.sdkman/candidates/java/8.0.392-amzn/jre/lib/charsets.jar:/Users/lmccay/.sdkman/candidates/java/8.0.392-amzn/jre/lib/jfr.jar:/Users/lmccay/.sdkman/candidates/java/8.0.392-amzn/jre/classes"/>
    <property name="sun.management.compiler" value="HotSpot 64-Bit Tiered Compilers"/>
    <property name="ftp.nonProxyHosts" value="local|*.local|169.254/16|*.169.254/16"/>
    <property name="java.runtime.version" value="1.8.0_392-b08"/>
    <property name="user.name" value="lmccay"/>
    <property name="path.separator" value=":"/>
    <property name="os.version" value="14.6.1"/>
    <property name="java.endorsed.dirs" value="/Users/lmccay/.sdkman/candidates/java/8.0.392-amzn/jre/lib/endorsed"/>
    <property name="java.runtime.name" value="OpenJDK Runtime Environment"/>
    <property name="file.encoding" value="UTF-8"/>
    <property name="java.vm.name" value="OpenJDK 64-Bit Server VM"/>
    <property name="localRepository" value="/Users/lmccay/.m2/repository"/>
    <property name="java.vendor.url.bug" value="https://github.com/corretto/corretto-8/issues/"/>
    <property name="java.io.tmpdir" value="/var/folders/dh/1j0svkfd2zq_gn1n4zxhj_fw0000gn/T/"/>
    <property name="java.version" value="1.8.0_392"/>
    <property name="user.dir" value="/Users/lmccay/Projects/mcpproxy"/>
    <property name="os.arch" value="aarch64"/>
    <property name="java.vm.specification.name" value="Java Virtual Machine Specification"/>
    <property name="java.awt.printerjob" value="sun.lwawt.macosx.CPrinterJob"/>
    <property name="sun.os.patch.level" value="unknown"/>
    <property name="java.library.path" value="/Users/lmccay/Library/Java/Extensions:/Library/Java/Extensions:/Network/Library/Java/Extensions:/System/Library/Java/Extensions:/usr/lib/java:."/>
    <property name="java.vm.info" value="mixed mode"/>
    <property name="java.vendor" value="Amazon.com Inc."/>
    <property name="java.vm.version" value="25.392-b08"/>
    <property name="java.specification.maintenance.version" value="5"/>
    <property name="java.ext.dirs" value="/Users/lmccay/Library/Java/Extensions:/Users/lmccay/.sdkman/candidates/java/8.0.392-amzn/jre/lib/ext:/Library/Java/Extensions:/Network/Library/Java/Extensions:/System/Library/Java/Extensions:/usr/lib/java"/>
    <property name="sun.io.unicode.encoding" value="UnicodeBig"/>
    <property name="java.class.version" value="52.0"/>
    <property name="socksNonProxyHosts" value="local|*.local|169.254/16|*.169.254/16"/>
  </properties>
  <testcase name="testOperationsWhenDisconnected" classname="org.apache.knox.mcp.McpServerConnectionTest" time="0.085"/>
  <testcase name="testConnectionProperties" classname="org.apache.knox.mcp.McpServerConnectionTest" time="0.001"/>
  <testcase name="testDisconnectWhenNotConnected" classname="org.apache.knox.mcp.McpServerConnectionTest" time="0.001"/>
  <testcase name="testInvalidEndpoint" classname="org.apache.knox.mcp.McpServerConnectionTest" time="0.0"/>
  <testcase name="testInitialState" classname="org.apache.knox.mcp.McpServerConnectionTest" time="0.001"/>
</testsuite>